<?xml version="1.0" encoding="UTF-8"?>
<!-- Generated by org.testng.reporters.JUnitReportReporter -->
<testsuite hostname="DESKTOP-3AVQLFJ" failures="0" tests="2" name="com.smoketest.MultiTest" time="4.185" errors="0" timestamp="2022-07-13T23:15:22 MYT" skipped="0">
  <testcase classname="com.smoketest.MultiTest" name="SelectDropDown" time="2.401"/>
  <system-out/>
  <testcase classname="com.smoketest.MultiTest" name="AdvanceDropDown" time="1.784"/>
  <system-out/>
</testsuite> <!-- com.smoketest.MultiTest -->
