<?xml version="1.0" encoding="UTF-8"?>
<!-- Generated by org.testng.reporters.JUnitReportReporter -->
<testsuite hostname="DESKTOP-3AVQLFJ" failures="0" tests="4" name="com.createorder.Logintoapp" time="43.070" errors="0" timestamp="2022-07-15T23:06:35 MYT" skipped="0">
  <testcase classname="com.createorder.Logintoapp" name="Selectorders" time="24.515"/>
  <system-out/>
  <testcase classname="com.createorder.Logintoapp" name="siginapp" time="5.445"/>
  <system-out/>
  <testcase classname="com.createorder.Logintoapp" name="shipping" time="6.065"/>
  <system-out/>
  <testcase classname="com.createorder.Logintoapp" name="payment" time="7.045"/>
  <system-out/>
</testsuite> <!-- com.createorder.Logintoapp -->
